<?xml version="1.0" encoding="UTF-8"?>
<testsuite xmlns:xsi="http://www.w3.org/2001/XMLSchema-instance" xsi:noNamespaceSchemaLocation="https://maven.apache.org/surefire/maven-surefire-plugin/xsd/surefire-test-report.xsd" version="3.0.2" name="runners.TestRunner" time="75.446" tests="3" errors="0" skipped="0" failures="0">
  <properties>
[...]
</properties>
  <testcase name="Add Employee" classname="Add employee  in HRMS" time="31.401">
    <system-out><![CDATA[
@batch20 @regression
Scenario: Add Employee                                       &amp#27;[90m# src/test/resources/features/AddEmployee.feature:12&amp#27;[0m
  &amp#27;[32mWhen &amp#27;[0m&amp#27;[32muser enters admin username and admin password&amp#27;[0m         &amp#27;[90m# steps.LoginSteps.user_enters_admin_username_and_admin_password()&amp#27;[0m
  &amp#27;[32mAnd &amp#27;[0m&amp#27;[32muser clicks on login button&amp#27;[0m                            &amp#27;[90m# steps.LoginSteps.user_clicks_on_login_button()&amp#27;[0m
test passed
  &amp#27;[32mThen &amp#27;[0m&amp#27;[32muser is navigated to dashbaord page&amp#27;[0m                   &amp#27;[90m# steps.LoginSteps.user_is_navigated_to_dashbaord_page()&amp#27;[0m
  &amp#27;[32mWhen &amp#27;[0m&amp#27;[32muser clicks on PIM option&amp#27;[0m                             &amp#27;[90m# steps.DashboardSteps.user_clicks_on_pim_option()&amp#27;[0m
  &amp#27;[32mAnd &amp#27;[0m&amp#27;[32muser clicks on add employee option&amp#27;[0m                     &amp#27;[90m# steps.DashboardSteps.user_clicks_on_add_employee_option()&amp#27;[0m
  &amp#27;[32mWhen &amp#27;[0m&amp#27;[32muser enters firstname and lastname in the name fields&amp#27;[0m &amp#27;[90m# steps.AddEmployeeSteps.user_enters_firstname_and_lastname_in_the_name_fields()&amp#27;[0m
  &amp#27;[32mAnd &amp#27;[0m&amp#27;[32muser clicks on save button&amp#27;[0m                             &amp#27;[90m# steps.AddEmployeeSteps.user_clicks_on_save_button()&amp#27;[0m
Added 
  &amp#27;[32mThen &amp#27;[0m&amp#27;[32muser added successfully&amp#27;[0m                               &amp#27;[90m# steps.AddEmployeeSteps.user_added_successfully()&amp#27;[0m

    Embedding Add Employee [image/png 107127 bytes]

]]></system-out>
    <system-err><![CDATA[SLF4J: Failed to load class "org.slf4j.impl.StaticLoggerBinder".
SLF4J: Defaulting to no-operation (NOP) logger implementation
SLF4J: See http://www.slf4j.org/codes.html#StaticLoggerBinder for further details.
Nov 10, 2024 11:44:56 PM org.openqa.selenium.devtools.CdpVersionFinder findNearestMatch
WARNING: Unable to find CDP implementation matching 130
Nov 10, 2024 11:44:56 PM org.openqa.selenium.chromium.ChromiumDriver lambda$new$5
WARNING: Unable to find version of CDP to use for 130.0.6723.71. You may need to include a dependency on a specific version of the CDP using something similar to `org.seleniumhq.selenium:selenium-devtools-v86:4.11.0` where the version ("v86") matches the version of the chromium-based browser you're using and the version number of the artifact is the same as Selenium's.
]]></system-err>
  </testcase>
  <testcase name="Search employee by employee ID" classname="Search Employees" time="27.171">
    <system-out><![CDATA[
@batch21 @regression
Scenario: Search employee by employee ID               &amp#27;[90m# src/test/resources/features/EmployeeSearch.feature:12&amp#27;[0m
  &amp#27;[32mWhen &amp#27;[0m&amp#27;[32muser enters admin username and admin password&amp#27;[0m   &amp#27;[90m# steps.LoginSteps.user_enters_admin_username_and_admin_password()&amp#27;[0m
  &amp#27;[32mAnd &amp#27;[0m&amp#27;[32muser clicks on login button&amp#27;[0m                      &amp#27;[90m# steps.LoginSteps.user_clicks_on_login_button()&amp#27;[0m
test passed
  &amp#27;[32mThen &amp#27;[0m&amp#27;[32muser is navigated to dashbaord page&amp#27;[0m             &amp#27;[90m# steps.LoginSteps.user_is_navigated_to_dashbaord_page()&amp#27;[0m
  &amp#27;[32mWhen &amp#27;[0m&amp#27;[32muser clicks on PIM option&amp#27;[0m                       &amp#27;[90m# steps.DashboardSteps.user_clicks_on_pim_option()&amp#27;[0m
  &amp#27;[32mAnd &amp#27;[0m&amp#27;[32muser clicks on employee list option&amp#27;[0m              &amp#27;[90m# steps.DashboardSteps.user_clicks_on_employee_list_option()&amp#27;[0m
  &amp#27;[32mAnd &amp#27;[0m&amp#27;[32muser enters employee ID&amp#27;[0m                          &amp#27;[90m# steps.EmployeeSearchSteps.user_enters_employee_id()&amp#27;[0m
  &amp#27;[32mWhen &amp#27;[0m&amp#27;[32muser clicks on search button&amp#27;[0m                    &amp#27;[90m# steps.EmployeeSearchSteps.user_clicks_on_search_button()&amp#27;[0m
test passed
  &amp#27;[32mThen &amp#27;[0m&amp#27;[32muser is able to see searched employee on screen&amp#27;[0m &amp#27;[90m# steps.EmployeeSearchSteps.user_is_able_to_see_searched_employee_on_screen()&amp#27;[0m

    Embedding Search employee by employee ID [image/png 75334 bytes]

]]></system-out>
    <system-err><![CDATA[Nov 10, 2024 11:45:21 PM org.openqa.selenium.devtools.CdpVersionFinder findNearestMatch
WARNING: Unable to find CDP implementation matching 130
Nov 10, 2024 11:45:21 PM org.openqa.selenium.chromium.ChromiumDriver lambda$new$5
WARNING: Unable to find version of CDP to use for 130.0.6723.71. You may need to include a dependency on a specific version of the CDP using something similar to `org.seleniumhq.selenium:selenium-devtools-v86:4.11.0` where the version ("v86") matches the version of the chromium-based browser you're using and the version number of the artifact is the same as Selenium's.
]]></system-err>
  </testcase>
  <testcase name="admin login" classname="Login scenarios" time="15.283">
    <system-out><![CDATA[
@login @smoke @regression @invalid
Scenario: admin login                                &amp#27;[90m# src/test/resources/features/Login.feature:4&amp#27;[0m
  &amp#27;[32mWhen &amp#27;[0m&amp#27;[32muser enters admin username and admin password&amp#27;[0m &amp#27;[90m# steps.LoginSteps.user_enters_admin_username_and_admin_password()&amp#27;[0m
  &amp#27;[32mAnd &amp#27;[0m&amp#27;[32muser clicks on login button&amp#27;[0m                    &amp#27;[90m# steps.LoginSteps.user_clicks_on_login_button()&amp#27;[0m
test passed
  &amp#27;[32mThen &amp#27;[0m&amp#27;[32muser is navigated to dashbaord page&amp#27;[0m           &amp#27;[90m# steps.LoginSteps.user_is_navigated_to_dashbaord_page()&amp#27;[0m

    Embedding admin login [image/png 55756 bytes]

]]></system-out>
    <system-err><![CDATA[Nov 10, 2024 11:45:49 PM org.openqa.selenium.devtools.CdpVersionFinder findNearestMatch
WARNING: Unable to find CDP implementation matching 130
Nov 10, 2024 11:45:49 PM org.openqa.selenium.chromium.ChromiumDriver lambda$new$5
WARNING: Unable to find version of CDP to use for 130.0.6723.71. You may need to include a dependency on a specific version of the CDP using something similar to `org.seleniumhq.selenium:selenium-devtools-v86:4.11.0` where the version ("v86") matches the version of the chromium-based browser you're using and the version number of the artifact is the same as Selenium's.
]]></system-err>
  </testcase>
</testsuite>